<?xml version="1.0" encoding="UTF-8"?>
<!-- Generated by org.testng.reporters.JUnitXMLReporter -->
<testsuite ignored="0" hostname="rganjare" failures="1" tests="4" name="Default test" time="90.544" errors="0" timestamp="2025-03-01T19:07:24 IST">
  <testcase classname="io.cucumber.testng.AbstractTestNGCucumberTests" name="runScenario" time="25.291"/>
  <testcase classname="io.cucumber.testng.AbstractTestNGCucumberTests" name="runScenario" time="16.855">
    <failure type="java.lang.AssertionError" message="Your email or password is incorrect! error message is displayed expected [false] but found [true]">
      <![CDATA[java.lang.AssertionError: Your email or password is incorrect! error message is displayed expected [false] but found [true]
at org.testng.Assert.fail(Assert.java:111)
at org.testng.Assert.failNotEquals(Assert.java:1578)
at org.testng.Assert.assertFalse(Assert.java:79)
at pages.HomePage.verifyUserLogin(HomePage.java:85)
at stepdefinations.LoginSteps.user_should_logged_in(LoginSteps.java:45)
at âœ½.user should logged in(file:///D:/BYMAT_Automation/WorkSpace/Selenium_Training_B16/Cucumber-BDD_Framework_Design/src/test/resources/features/NewUserRegistration.feature:21)
]]>
    </failure>
  </testcase> <!-- runScenario -->
  <testcase classname="io.cucumber.testng.AbstractTestNGCucumberTests" name="runScenario" time="26.64"/>
  <testcase classname="io.cucumber.testng.AbstractTestNGCucumberTests" name="runScenario" time="19.069"/>
</testsuite> <!-- Default test -->
