-------------------------------------------------------------------------------
Test set: TestSuite
-------------------------------------------------------------------------------
Tests run: 2, Failures: 1, Errors: 0, Skipped: 0, Time elapsed: 69.592 sec <<< FAILURE!
runScenario(runner.TestNG_Runner)  Time elapsed: 28.575 sec  <<< FAILURE!
java.lang.AssertionError: Your email or password is incorrect! error message is displayed expected [false] but found [true]
	at org.testng.Assert.fail(Assert.java:111)
	at org.testng.Assert.failNotEquals(Assert.java:1578)
	at org.testng.Assert.assertFalse(Assert.java:79)
	at pages.HomePage.verifyUserLogin(HomePage.java:85)
	at stepdefinations.LoginSteps.user_should_logged_in(LoginSteps.java:45)
	at âœ½.user should logged in(file:///D:/BYMAT_Automation/WorkSpace/Selenium_Training_B16/Cucumber-BDD_Framework_Design/src/test/resources/features/NewUserRegistration.feature:21)

