<?xml version="1.0" encoding="UTF-8"?>
<testng-results ignored="0" total="2" passed="1" failed="1" skipped="0">
  <reporter-output>
  </reporter-output>
  <suite started-at="2025-03-01T19:44:56 IST" name="Command line suite" finished-at="2025-03-01T19:46:03 IST" duration-ms="66884">
    <groups>
      <group name="cucumber">
        <method signature="AbstractTestNGCucumberTests.runScenario(io.cucumber.testng.PickleWrapper,io.cucumber.testng.FeatureWrapper)[pri:0, instance:runner.TestNG_Runner@696da30b]" name="runScenario" class="io.cucumber.testng.AbstractTestNGCucumberTests"/>
      </group> <!-- cucumber -->
    </groups>
    <test started-at="2025-03-01T19:44:56 IST" name="Command line test" finished-at="2025-03-01T19:46:03 IST" duration-ms="66884">
      <class name="runner.TestNG_Runner">
        <test-method is-config="true" signature="setUpClass(org.testng.ITestContext)[pri:0, instance:runner.TestNG_Runner@696da30b]" started-at="2025-03-01T19:44:56 IST" name="setUpClass" finished-at="2025-03-01T19:45:01 IST" duration-ms="5016" status="PASS">
          <params>
            <param index="0">
              <value>
                <![CDATA[org.testng.TestRunner@42ef042a]]>
              </value>
            </param>
          </params>
          <reporter-output>
          </reporter-output>
        </test-method> <!-- setUpClass -->
        <test-method signature="runScenario(io.cucumber.testng.PickleWrapper,io.cucumber.testng.FeatureWrapper)[pri:0, instance:runner.TestNG_Runner@696da30b]" started-at="2025-03-01T19:45:01 IST" name="runScenario" description="Runs Cucumber Scenarios" data-provider="scenarios" finished-at="2025-03-01T19:45:30 IST" duration-ms="28551" status="FAIL">
          <params>
            <param index="0">
              <value>
                <![CDATA["Login to Automationexercise application"]]>
              </value>
            </param>
            <param index="1">
              <value>
                <![CDATA["New user registration, verification and Delete the user"]]>
              </value>
            </param>
          </params>
          <exception class="java.lang.AssertionError">
            <message>
              <![CDATA[Your email or password is incorrect! error message is displayed expected [false] but found [true]]]>
            </message>
            <full-stacktrace>
              <![CDATA[java.lang.AssertionError: Your email or password is incorrect! error message is displayed expected [false] but found [true]
at org.testng.Assert.fail(Assert.java:111)
at org.testng.Assert.failNotEquals(Assert.java:1578)
at org.testng.Assert.assertFalse(Assert.java:79)
at pages.HomePage.verifyUserLogin(HomePage.java:85)
at stepdefinations.LoginSteps.user_should_logged_in(LoginSteps.java:45)
at âœ½.user should logged in(file:///D:/BYMAT_Automation/WorkSpace/Selenium_Training_B16/Cucumber-BDD_Framework_Design/src/test/resources/features/NewUserRegistration.feature:21)
]]>
            </full-stacktrace>
          </exception> <!-- java.lang.AssertionError -->
          <reporter-output>
          </reporter-output>
        </test-method> <!-- runScenario -->
        <test-method signature="runScenario(io.cucumber.testng.PickleWrapper,io.cucumber.testng.FeatureWrapper)[pri:0, instance:runner.TestNG_Runner@696da30b]" started-at="2025-03-01T19:45:30 IST" name="runScenario" description="Runs Cucumber Scenarios" data-provider="scenarios" finished-at="2025-03-01T19:46:01 IST" duration-ms="31944" status="PASS">
          <params>
            <param index="0">
              <value>
                <![CDATA["Login to Automationexercise application"]]>
              </value>
            </param>
            <param index="1">
              <value>
                <![CDATA["New user registration, verification and Delete the user"]]>
              </value>
            </param>
          </params>
          <reporter-output>
          </reporter-output>
        </test-method> <!-- runScenario -->
        <test-method is-config="true" signature="tearDownClass()[pri:0, instance:runner.TestNG_Runner@696da30b]" started-at="2025-03-01T19:46:01 IST" name="tearDownClass" finished-at="2025-03-01T19:46:03 IST" duration-ms="1189" status="PASS">
          <reporter-output>
          </reporter-output>
        </test-method> <!-- tearDownClass -->
      </class> <!-- runner.TestNG_Runner -->
    </test> <!-- Command line test -->
  </suite> <!-- Command line suite -->
</testng-results>
