<?xml version="1.0" encoding="UTF-8"?>
<testng-results ignored="0" total="4" passed="3" failed="1" skipped="0">
  <reporter-output>
  </reporter-output>
  <suite started-at="2025-03-01T19:05:53 IST" name="Default suite" finished-at="2025-03-01T19:07:24 IST" duration-ms="90544">
    <groups>
      <group name="cucumber">
        <method signature="AbstractTestNGCucumberTests.runScenario(io.cucumber.testng.PickleWrapper,io.cucumber.testng.FeatureWrapper)[pri:0, instance:runner.TestNG_Runner@1a245833]" name="runScenario" class="io.cucumber.testng.AbstractTestNGCucumberTests"/>
      </group> <!-- cucumber -->
    </groups>
    <test started-at="2025-03-01T19:05:53 IST" name="Default test" finished-at="2025-03-01T19:07:24 IST" duration-ms="90544">
      <class name="runner.TestNG_Runner">
        <test-method is-config="true" signature="setUpClass(org.testng.ITestContext)[pri:0, instance:runner.TestNG_Runner@1a245833]" started-at="2025-03-01T19:05:54 IST" name="setUpClass" finished-at="2025-03-01T19:05:55 IST" duration-ms="1297" status="PASS">
          <params>
            <param index="0">
              <value>
                <![CDATA[org.testng.TestRunner@7282af25]]>
              </value>
            </param>
          </params>
          <reporter-output>
          </reporter-output>
        </test-method> <!-- setUpClass -->
        <test-method signature="runScenario(io.cucumber.testng.PickleWrapper,io.cucumber.testng.FeatureWrapper)[pri:0, instance:runner.TestNG_Runner@1a245833]" started-at="2025-03-01T19:05:55 IST" name="runScenario" description="Runs Cucumber Scenarios" data-provider="scenarios" finished-at="2025-03-01T19:06:20 IST" duration-ms="25291" status="PASS">
          <params>
            <param index="0">
              <value>
                <![CDATA["New user registration"]]>
              </value>
            </param>
            <param index="1">
              <value>
                <![CDATA["New user registration, verification and Delete the user"]]>
              </value>
            </param>
          </params>
          <reporter-output>
          </reporter-output>
        </test-method> <!-- runScenario -->
        <test-method signature="runScenario(io.cucumber.testng.PickleWrapper,io.cucumber.testng.FeatureWrapper)[pri:0, instance:runner.TestNG_Runner@1a245833]" started-at="2025-03-01T19:06:20 IST" name="runScenario" description="Runs Cucumber Scenarios" data-provider="scenarios" finished-at="2025-03-01T19:06:37 IST" duration-ms="16855" status="FAIL">
          <params>
            <param index="0">
              <value>
                <![CDATA["Login to Automationexercise application"]]>
              </value>
            </param>
            <param index="1">
              <value>
                <![CDATA["New user registration, verification and Delete the user"]]>
              </value>
            </param>
          </params>
          <exception class="java.lang.AssertionError">
            <message>
              <![CDATA[Your email or password is incorrect! error message is displayed expected [false] but found [true]]]>
            </message>
            <full-stacktrace>
              <![CDATA[java.lang.AssertionError: Your email or password is incorrect! error message is displayed expected [false] but found [true]
at org.testng.Assert.fail(Assert.java:111)
at org.testng.Assert.failNotEquals(Assert.java:1578)
at org.testng.Assert.assertFalse(Assert.java:79)
at pages.HomePage.verifyUserLogin(HomePage.java:85)
at stepdefinations.LoginSteps.user_should_logged_in(LoginSteps.java:45)
at âœ½.user should logged in(file:///D:/BYMAT_Automation/WorkSpace/Selenium_Training_B16/Cucumber-BDD_Framework_Design/src/test/resources/features/NewUserRegistration.feature:21)
]]>
            </full-stacktrace>
          </exception> <!-- java.lang.AssertionError -->
          <reporter-output>
          </reporter-output>
        </test-method> <!-- runScenario -->
        <test-method signature="runScenario(io.cucumber.testng.PickleWrapper,io.cucumber.testng.FeatureWrapper)[pri:0, instance:runner.TestNG_Runner@1a245833]" started-at="2025-03-01T19:06:37 IST" name="runScenario" description="Runs Cucumber Scenarios" data-provider="scenarios" finished-at="2025-03-01T19:07:04 IST" duration-ms="26640" status="PASS">
          <params>
            <param index="0">
              <value>
                <![CDATA["Login to Automationexercise application"]]>
              </value>
            </param>
            <param index="1">
              <value>
                <![CDATA["New user registration, verification and Delete the user"]]>
              </value>
            </param>
          </params>
          <reporter-output>
          </reporter-output>
        </test-method> <!-- runScenario -->
        <test-method signature="runScenario(io.cucumber.testng.PickleWrapper,io.cucumber.testng.FeatureWrapper)[pri:0, instance:runner.TestNG_Runner@1a245833]" started-at="2025-03-01T19:07:04 IST" name="runScenario" description="Runs Cucumber Scenarios" data-provider="scenarios" finished-at="2025-03-01T19:07:23 IST" duration-ms="19069" status="PASS">
          <params>
            <param index="0">
              <value>
                <![CDATA["Delete Existing user"]]>
              </value>
            </param>
            <param index="1">
              <value>
                <![CDATA["New user registration, verification and Delete the user"]]>
              </value>
            </param>
          </params>
          <reporter-output>
          </reporter-output>
        </test-method> <!-- runScenario -->
        <test-method is-config="true" signature="tearDownClass()[pri:0, instance:runner.TestNG_Runner@1a245833]" started-at="2025-03-01T19:07:23 IST" name="tearDownClass" finished-at="2025-03-01T19:07:24 IST" duration-ms="1307" status="PASS">
          <reporter-output>
          </reporter-output>
        </test-method> <!-- tearDownClass -->
      </class> <!-- runner.TestNG_Runner -->
    </test> <!-- Default test -->
  </suite> <!-- Default suite -->
</testng-results>
